Drill report for FM_radio_atmega_8.kicad_pcb
Created on Mon 16 Jan 2023 11:19:51 PM CET

Copper Layer Stackup:
    =============================================================
    L1 :  F.Cu                      front
    L2 :  B.Cu                      back


Drill file 'FM_radio_atmega_8-PTH.drl' contains
    plated through holes:
    =============================================================
    T1  0.400mm  0.0157"  (6 holes)
    T2  0.600mm  0.0236"  (141 holes)
    T3  0.700mm  0.0276"  (10 holes)
    T4  0.762mm  0.0300"  (7 holes)
    T5  0.800mm  0.0315"  (38 holes)
    T6  1.000mm  0.0394"  (24 holes)  (with 3 slots)
    T7  1.100mm  0.0433"  (3 holes)
    T8  1.750mm  0.0689"  (2 holes)

    Total plated holes count 231


Drill file 'FM_radio_atmega_8-NPTH.drl' contains
    unplated through holes:
    =============================================================

    Total unplated holes count 0
